<?xml version="1.0"?>
<testsuites>
<testsuite name="Root Suite" timestamp="2023-01-05T08:34:28" tests="0" file="cypress\e2e\Add Hilflosigkeit data_Happy case.js" time="0.000" failures="0"></testsuite>
<testsuite name="Add Hilflosigkeit data_Happy case https://osiv-frtest.ivnet.ch" timestamp="2023-01-05T08:34:28" tests="1" time="83.573" failures="1">
  
  <testcase name="Add Hilflosigkeit data_Happy case https://osiv-frtest.ivnet.ch &quot;before each&quot; hook: Login for &quot;Check the system calculation&quot;" time="0.000" classname="&quot;before each&quot; hook: Login for &quot;Check the system calculation&quot;">
    
    <failure message="Timed out retrying after 50000ms: Expected to find element: `[class=&quot;akUserInfo&quot;]`, but never found it.

This error occurred while creating the session. Because the session setup failed, we failed the test.

Because this error occurred during a `before each` hook we are skipping the remaining tests in the current suite: `Add Hilflosigkeit data_Happ...`" type="AssertionError"><![CDATA[AssertionError: Timed out retrying after 50000ms: Expected to find element: `[class="akUserInfo"]`, but never found it.

This error occurred while creating the session. Because the session setup failed, we failed the test.

Because this error occurred during a `before each` hook we are skipping the remaining tests in the current suite: `Add Hilflosigkeit data_Happ...`
    at Object.UserInfo (webpack:///./cypress/support/page_objects/Dashboard.js:3:14)
    at Object.eval [as setup] (webpack:///./cypress/support/commands.js:40:14)]]></failure>
    
  </testcase>
  
</testsuite>

<testsuite name="Root Suite" timestamp="2023-01-05T08:41:22" tests="0" file="cypress\e2e\Entscheid Copy.js" time="0.000" failures="0"></testsuite>
<testsuite name="Test to copy Entscheid with all data https://osiv-frtest.ivnet.ch" timestamp="2023-01-05T08:41:22" tests="2" time="117.940" failures="2">
  
  <testcase name="Test to copy Entscheid with all data https://osiv-frtest.ivnet.ch Open Entscheid and copy" time="0.000" classname="Open Entscheid and copy">
    
    <failure message="Timed out retrying after 50000ms: Expected to find element: `[class=&quot;dhx_toolbar_btn dhxtoolbar_btn_pres&quot;]`, but never found it." type="AssertionError"><![CDATA[AssertionError: Timed out retrying after 50000ms: Expected to find element: `[class="dhx_toolbar_btn dhxtoolbar_btn_pres"]`, but never found it.
    at Object.HomeBtn (webpack:///./cypress/support/page_objects/Dashboard.js:7:14)
    at Context.eval (webpack:///./cypress/e2e/Entscheid Copy.js:45:14)]]></failure>
    
  </testcase>
  
  <testcase name="Test to copy Entscheid with all data https://osiv-frtest.ivnet.ch Compare responses of copied Entscheid" time="0.000" classname="Compare responses of copied Entscheid">
    
    <failure message="`cy.task(&apos;getEntscheidIdNM&apos;)` failed with the following error:

The task &apos;getEntscheidIdNM&apos; returned undefined. You must return a value, null, or a promise that resolves to a value or null to indicate that the task was handled.

The task handler was:

() =&gt; {
            return EntscheidIdNM;
          }

Fix this in your setupNodeEvents method here:
C:\osiv-cypress-tests\cypress.config.js

https://on.cypress.io/api/task" type="CypressError"><![CDATA[CypressError: `cy.task('getEntscheidIdNM')` failed with the following error:

The task 'getEntscheidIdNM' returned undefined. You must return a value, null, or a promise that resolves to a value or null to indicate that the task was handled.

The task handler was:

() => {
            return EntscheidIdNM;
          }

Fix this in your setupNodeEvents method here:
C:\osiv-cypress-tests\cypress.config.js

https://on.cypress.io/api/task
    at <unknown> (https://osiv-frtest.ivnet.ch/__cypress/runner/cypress_runner.js:144427:80)
    at tryCatcher (https://osiv-frtest.ivnet.ch/__cypress/runner/cypress_runner.js:11327:23)
    at Promise._settlePromiseFromHandler (https://osiv-frtest.ivnet.ch/__cypress/runner/cypress_runner.js:9262:31)
    at Promise._settlePromise (https://osiv-frtest.ivnet.ch/__cypress/runner/cypress_runner.js:9319:18)
    at Promise._settlePromise0 (https://osiv-frtest.ivnet.ch/__cypress/runner/cypress_runner.js:9364:10)
    at Promise._settlePromises (https://osiv-frtest.ivnet.ch/__cypress/runner/cypress_runner.js:9440:18)
    at _drainQueueStep (https://osiv-frtest.ivnet.ch/__cypress/runner/cypress_runner.js:6034:12)
    at _drainQueue (https://osiv-frtest.ivnet.ch/__cypress/runner/cypress_runner.js:6027:9)
    at ../../node_modules/bluebird/js/release/async.js.Async._drainQueues (https://osiv-frtest.ivnet.ch/__cypress/runner/cypress_runner.js:6043:5)
    at Async.drainQueues (https://osiv-frtest.ivnet.ch/__cypress/runner/cypress_runner.js:5913:14)
From Your Spec Code:
    at Context.eval (webpack:///./cypress/e2e/Entscheid Copy.js:69:7)]]></failure>
    
  </testcase>
  
</testsuite>

<testsuite name="Root Suite" timestamp="2023-01-05T08:35:53" tests="0" file="cypress\e2e\Correct Supertext and Entscheidtyp.js" time="0.000" failures="0"></testsuite>
<testsuite name="Test that it should be possible to edit &quot;Supertext&quot; and &quot;Entscheidtyp&quot; with the function &quot;Supertext, Entscheidtyp 채ndern&quot;https://osiv-frtest.ivnet.ch" timestamp="2023-01-05T08:35:53" tests="1" time="51.867" failures="0">
  
  <testcase name="Test that it should be possible to edit &quot;Supertext&quot; and &quot;Entscheidtyp&quot; with the function &quot;Supertext, Entscheidtyp 채ndern&quot;https://osiv-frtest.ivnet.ch Test that &quot;Supertext, Entscheidtyp 채ndern&quot; option  is not available in dynselect" time="50.266" classname="Test that &quot;Supertext, Entscheidtyp 채ndern&quot; option  is not available in dynselect"></testcase>
  
</testsuite>

<testsuite name="Root Suite" timestamp="2023-01-05T08:44:20" tests="0" file="cypress\e2e\ProtocolsCreateAndDelete.js" time="0.000" failures="0"></testsuite>
<testsuite name="Test to create protocol, softly remove it, undo it and again remove it" timestamp="2023-01-05T08:44:20" tests="3" time="224.554" failures="2">
  
  <testcase name="Test to create protocol, softly remove it, undo it and again remove it create protocol" time="67.660" classname="create protocol"></testcase>
  
  <testcase name="Test to create protocol, softly remove it, undo it and again remove it Soft removing of a protocol" time="0.000" classname="Soft removing of a protocol">
    
    <failure message="Timed out retrying after 50000ms: Expected to find element: `[class=&quot;dhxrb_3rows_button&quot;][title=&quot;In den Papierkorb&quot;]`, but never found it." type="AssertionError"><![CDATA[AssertionError: Timed out retrying after 50000ms: Expected to find element: `[class="dhxrb_3rows_button"][title="In den Papierkorb"]`, but never found it.
    at Object.InDenPapierkorbBtn (webpack:///./cypress/support/page_objects/ProtocolDetails.js:14:18)
    at Context.eval (webpack:///./cypress/e2e/ProtocolsCreateAndDelete.js:45:20)]]></failure>
    
  </testcase>
  
  <testcase name="Test to create protocol, softly remove it, undo it and again remove it Hard removing of a protocol" time="0.000" classname="Hard removing of a protocol">
    
    <failure message="Timed out retrying after 50000ms: Expected to find element: `[class=&quot;dhxrb_3rows_button&quot;][title=&quot;Wiederherstellen&quot;]`, but never found it." type="AssertionError"><![CDATA[AssertionError: Timed out retrying after 50000ms: Expected to find element: `[class="dhxrb_3rows_button"][title="Wiederherstellen"]`, but never found it.
    at Object.WiederherstellenBtn (webpack:///./cypress/support/page_objects/ProtocolDetails.js:18:18)
    at Context.eval (webpack:///./cypress/e2e/ProtocolsCreateAndDelete.js:62:20)]]></failure>
    
  </testcase>
  
</testsuite>

<testsuite name="Root Suite" timestamp="2023-01-05T08:36:47" tests="0" file="cypress\e2e\E2E_HE_ENT.js" time="0.000" failures="0"></testsuite>
<testsuite name="E2E test of createting and sending Entscheide for HE code https://osiv-frtest.ivnet.ch" timestamp="2023-01-05T08:36:47" tests="1" time="210.684" failures="1">
  
  <testcase name="E2E test of createting and sending Entscheide for HE code https://osiv-frtest.ivnet.ch Verify Environment" time="0.000" classname="Verify Environment">
    
    <failure message="Timed out retrying after 50000ms: Expected to find element: `span`, but never found it. Queried from:

              &gt; cy.get([id=&quot;cke_3_contents&quot;]).find([class=&quot;WordSection1&quot;] tbody).eq(0)" type="AssertionError"><![CDATA[AssertionError: Timed out retrying after 50000ms: Expected to find element: `span`, but never found it. Queried from:

              > cy.get([id="cke_3_contents"]).find([class="WordSection1"] tbody).eq(0)
    at Object.VerifyGeneratedAnspruchsbeginnabHeaderWithoutColor (webpack:///./cypress/support/page_objects/EntscheidFreitexteTab.js:82:22)
    at Context.eval (webpack:///./cypress/e2e/E2E_HE_ENT.js:131:26)]]></failure>
    
  </testcase>
  
</testsuite>

<testsuite name="Root Suite" timestamp="2023-01-05T08:43:21" tests="0" file="cypress\e2e\newAdress.js" time="0.000" failures="0"></testsuite>
<testsuite name="Test to add a new adress with Frau solutation https://osiv-frtest.ivnet.ch" timestamp="2023-01-05T08:43:21" tests="1" time="57.288" failures="0">
  
  <testcase name="Test to add a new adress with Frau solutation https://osiv-frtest.ivnet.ch Creating adress" time="55.671" classname="Creating adress"></testcase>
  
</testsuite>

<testsuite name="Root Suite" timestamp="2023-01-05T08:48:07" tests="0" file="cypress\e2e\Show (no show) Dynamic Baustein.js" time="0.000" failures="0"></testsuite>
<testsuite name="Test to verify if Freetext tab shows or not Baustein 1013+ (Reisekosten Auflistung) https://osiv-frtest.ivnet.ch" timestamp="2023-01-05T08:48:07" tests="2" time="182.408" failures="2">
  
  <testcase name="Test to verify if Freetext tab shows or not Baustein 1013+ (Reisekosten Auflistung) https://osiv-frtest.ivnet.ch Test verifies that Freetext tab shows Baustein 1013+" time="0.000" classname="Test verifies that Freetext tab shows Baustein 1013+">
    
    <failure message="Timed out retrying after 50000ms: Expected to find element: `#active-panel .objbox`, but never found it." type="AssertionError"><![CDATA[AssertionError: Timed out retrying after 50000ms: Expected to find element: `#active-panel .objbox`, but never found it.
    at Object.findTableRowbyText (https://osiv-frtest.ivnet.ch/__cypress/tests?p=cypress\e2e\Show%20no%20show%20Dynamic%20Baustein.js:533:15)
    at Context.eval (https://osiv-frtest.ivnet.ch/__cypress/tests?p=cypress\e2e\Show%20no%20show%20Dynamic%20Baustein.js:141:30)]]></failure>
    
  </testcase>
  
  <testcase name="Test to verify if Freetext tab shows or not Baustein 1013+ (Reisekosten Auflistung) https://osiv-frtest.ivnet.ch Test verifies that Freetext tab does NOT show Baustein 1013+ (Reisekosten Auflistung)" time="0.000" classname="Test verifies that Freetext tab does NOT show Baustein 1013+ (Reisekosten Auflistung)">
    
    <failure message="Timed out retrying after 50000ms: Expected to find element: `#active-panel .objbox`, but never found it." type="AssertionError"><![CDATA[AssertionError: Timed out retrying after 50000ms: Expected to find element: `#active-panel .objbox`, but never found it.
    at Object.findTableRowbyText (https://osiv-frtest.ivnet.ch/__cypress/tests?p=cypress\e2e\Show%20no%20show%20Dynamic%20Baustein.js:533:15)
    at Context.eval (https://osiv-frtest.ivnet.ch/__cypress/tests?p=cypress\e2e\Show%20no%20show%20Dynamic%20Baustein.js:154:30)]]></failure>
    
  </testcase>
  
</testsuite>

<testsuite name="Root Suite" timestamp="2023-01-05T08:40:20" tests="0" file="cypress\e2e\Entscheid - with or without travel expenses (Reisekosten).js" time="0.000" failures="0"></testsuite>
<testsuite name=" Verify that the generation of freetext based on Bausteine takes into account the following validation: https://osiv-frtest.ivnet.ch" timestamp="2023-01-05T08:40:20" tests="1" time="59.645" failures="0">
  
  <testcase name=" Verify that the generation of freetext based on Bausteine takes into account the following validation: https://osiv-frtest.ivnet.ch a. SYSTEM MUST NOT add any travel cost texts into CKEditor if the linked DFStelle has NO travel costs assigned" time="57.481" classname="a. SYSTEM MUST NOT add any travel cost texts into CKEditor if the linked DFStelle has NO travel costs assigned"></testcase>
  
</testsuite>

</testsuites>