<?xml version="1.0" encoding="UTF-8"?>
<testsuites name="Mocha Tests" time="224.567" tests="3" failures="2">
  <testsuite name="Root Suite" timestamp="2023-01-05T08:44:20" tests="0" file="cypress\e2e\ProtocolsCreateAndDelete.js" time="0.000" failures="0">
  </testsuite>
  <testsuite name="Test to create protocol, softly remove it, undo it and again remove it" timestamp="2023-01-05T08:44:20" tests="3" time="224.554" failures="2">
    <testcase name="Test to create protocol, softly remove it, undo it and again remove it create protocol" time="67.660" classname="create protocol">
    </testcase>
    <testcase name="Test to create protocol, softly remove it, undo it and again remove it Soft removing of a protocol" time="0.000" classname="Soft removing of a protocol">
      <failure message="Timed out retrying after 50000ms: Expected to find element: `[class=&quot;dhxrb_3rows_button&quot;][title=&quot;In den Papierkorb&quot;]`, but never found it." type="AssertionError"><![CDATA[AssertionError: Timed out retrying after 50000ms: Expected to find element: `[class="dhxrb_3rows_button"][title="In den Papierkorb"]`, but never found it.
    at Object.InDenPapierkorbBtn (webpack:///./cypress/support/page_objects/ProtocolDetails.js:14:18)
    at Context.eval (webpack:///./cypress/e2e/ProtocolsCreateAndDelete.js:45:20)]]></failure>
    </testcase>
    <testcase name="Test to create protocol, softly remove it, undo it and again remove it Hard removing of a protocol" time="0.000" classname="Hard removing of a protocol">
      <failure message="Timed out retrying after 50000ms: Expected to find element: `[class=&quot;dhxrb_3rows_button&quot;][title=&quot;Wiederherstellen&quot;]`, but never found it." type="AssertionError"><![CDATA[AssertionError: Timed out retrying after 50000ms: Expected to find element: `[class="dhxrb_3rows_button"][title="Wiederherstellen"]`, but never found it.
    at Object.WiederherstellenBtn (webpack:///./cypress/support/page_objects/ProtocolDetails.js:18:18)
    at Context.eval (webpack:///./cypress/e2e/ProtocolsCreateAndDelete.js:62:20)]]></failure>
    </testcase>
  </testsuite>
</testsuites>